[www.grando.ai/en/choose-a-gpu-machine-for-ai-deep-learning.html]
[backblue.gif]
[fade.gif]
[index.html]
[cdn.prod.website-files.com/628295a883124981fd568435/css/grando-ai.webflow.shared.93768f5f3.min.css]
[ajax.googleapis.com/ajax/libs/webfont/1.6.26/webfont.js]
[cdn.prod.website-files.com/628295a883124981fd568435/628e9e71f098262b8b907df8_6277df06918df324778b4882_256.png]
[www.google.com/recaptcha/api.js]
[code.jquery.com/jquery-3.6.1.slim.min.js]
[cdn.jsdelivr.net/npm/js-cookie@3.0.1/dist/js.cookie.min.js]
[cookiehub.net/c2/75a91e7d.js]
[cdn.prod.website-files.com/628295a883124981fd568435/63dd331994de0e0afc29f236_Comino_Grando.png]
[www.grando.ai/en/deep-learning.html]
[www.grando.ai/en/workstations-for-password-recovery.html]
[www.grando.ai/en/multi-gpu-server.html]
[cdn.prod.website-files.com/628295a883124981fd568435/67bd7afc150703f6beca884a_GRANDO_RM-M_7000WX_2x6000ADA_10 (1).png]
[cdn.prod.website-files.com/628295a883124981fd568435/652d4fc6a67053ad49cb069e_Screenshot 2023-10-16 at 17.58.28.png]
[cdn.prod.website-files.com/628295a883124981fd568435/628ea727d2829065b77a5069_image 1 (1).jpg]
[cdn.prod.website-files.com/628295a883124981fd568435/628ea8d522559632eecd650b_image 4 (1).jpg]
[cdn.prod.website-files.com/628295a883124981fd568435/628ea88509c56a9c5bd48370_LEDUNIT_VIDEO_THUMBN 1 (1).jpg]
[cdn.prod.website-files.com/628295a883124981fd568435/63d91cb03c6a1ed447a6bb33_17-2 (1).jpg]
[cdn.prod.website-files.com/628295a883124981fd568435/63d91c4ad64cfdd953e6fa4a__11-2 (1).jpg]
[cdn.prod.website-files.com/628295a883124981fd568435/63d91c66e9f534f6f3f83bae__65 (1).jpg]
[cdn.prod.website-files.com/628295a883124981fd568435/628a835d226efd3ca68ee69d_container-overview-right.png]
[cdn.prod.website-files.com/628295a883124981fd568435/628eb43cb9e86a06b04225e8_TensorFlow.png]
[cdn.prod.website-files.com/628295a883124981fd568435/628eb43cf105779c678eb89d_PyTorch.png]
[cdn.prod.website-files.com/628295a883124981fd568435/628eb4a218777b2e13bba3b2_aer.png]
[cdn.prod.website-files.com/628295a883124981fd568435/628eb208dc17de8b2f9b5fdb_logo-redshift@2x.png]
[cdn.prod.website-files.com/628295a883124981fd568435/628eb43c4d93459899dc1066_Keras.png]
[cdn.prod.website-files.com/628295a883124981fd568435/628eb4a281733444b07c037b_ca.png]
[cdn.prod.website-files.com/628295a883124981fd568435/628eb4a24ab58c825246d227_cu.png]
[cdn.prod.website-files.com/628295a883124981fd568435/628eb43c124bd6623f970d87_MXNET.png]
[cdn.prod.website-files.com/628295a883124981fd568435/628eb43c4d9345991edc1065_Chainer.png]
[cdn.prod.website-files.com/628295a883124981fd568435/628eb208dc17de29b89b5fdd_logo-octane@2x.png]
[cdn.prod.website-files.com/628295a883124981fd568435/628eb5312c0dd61efc5089a0_ad.png]
[cdn.prod.website-files.com/628295a883124981fd568435/628eb208dc17deec909b5fd9_logo-v-ray@2x.png]
[cdn.prod.website-files.com/628295a883124981fd568435/628eb208dc17de3ee29b5fd5_logo-blender@2x.png]
[cdn.prod.website-files.com/628295a883124981fd568435/628eb578dd2bd198f302a2a2_Screenshot 2022-05-26 at 1.02.11.png]
[cdn.prod.website-files.com/628295a883124981fd568435/628eb5314ab58c5b3c46d834_co.png]
[cdn.prod.website-files.com/628295a883124981fd568435/628eb53167d53332262ef13e_re.png]
[cdn.prod.website-files.com/628295a883124981fd568435/628eb532e19d75612ddbc972_ma.png]
[cdn.prod.website-files.com/628295a883124981fd568435/628eb208dc17dede949b5fc3_logo-3-ds-max@2x.png]
[cdn.prod.website-files.com/628295a883124981fd568435/628eb208dc17de0af09b5fc5_logo-maya@2x.png]
[cdn.prod.website-files.com/628295a883124981fd568435/628eb208dc17de02239b5fc7_logo-cinema-4-d@2x.png]
[cdn.prod.website-files.com/628295a883124981fd568435/628eb208dc17de28ec9b5fc9_logo-modo@2x.png]
[cdn.prod.website-files.com/628295a883124981fd568435/628eb208dc17deae4b9b5fd7_logo-houdini@2x.png]
[cdn.prod.website-files.com/628295a883124981fd568435/628eb208dc17de961f9b5fcf_logo-rhino@2x.png]
[cdn.prod.website-files.com/628295a883124981fd568435/628eb208dc17de46d39b5fd1_logo-revit@2x.png]
[cdn.prod.website-files.com/628295a883124981fd568435/628eb5eb5f8d5763b4377888_zb.png]
[cdn.prod.website-files.com/628295a883124981fd568435/628eb5ebd8ab677e7c995a47_li.png]
[cdn.prod.website-files.com/628295a883124981fd568435/628eb66daaaa1d844c36abf1_au.png]
[cdn.prod.website-files.com/628295a883124981fd568435/628eb66dd2829031267ab66e_ar.png]
[cdn.prod.website-files.com/628295a883124981fd568435/628eb66dbc5fcda26ddcd2e2_ve.png]
[cdn.prod.website-files.com/628295a883124981fd568435/628eb208dc17defda69b5fcd_logo-sketchup@2x.png]
[cdn.prod.website-files.com/628295a883124981fd568435/628eb66ef1057713068ec2f6_mi.png]
[cdn.prod.website-files.com/628295a883124981fd568435/628eb66d18777b2b17bba91b_br.png]
[cdn.prod.website-files.com/628295a883124981fd568435/628eb66ed8ab67f09b995f49_al.png]
[cdn.prod.website-files.com/628295a883124981fd568435/628eb66dd7c29155ec3760bb_caa.png]
[cdn.prod.website-files.com/628295a883124981fd568435/628eb66ebbbe6b0ff1f192f0_fre.png]
[cdn.prod.website-files.com/628295a883124981fd568435/628eb75b24722277e0dbbf14_id.png]
[cdn.prod.website-files.com/628295a883124981fd568435/628eb75b899f10a8766d2e7a_ps.png]
[cdn.prod.website-files.com/628295a883124981fd568435/628eb75af1057718af8ec9a0_ae.png]
[cdn.prod.website-files.com/628295a883124981fd568435/628eb75bbbbe6b791ef1951d_an.png]
[cdn.prod.website-files.com/628295a883124981fd568435/628eb75a4d9345c2d1dc1e9a_vp.png]
[cdn.prod.website-files.com/628295a883124981fd568435/628eb75a24722251f9dbbf13_da.png]
[cdn.prod.website-files.com/628295a883124981fd568435/628eb75b7eec355bad7c025e_cd.png]
[cdn.prod.website-files.com/628295a883124981fd568435/628eb75b225596795bcdd4ba_nu.png]
[cdn.prod.website-files.com/628295a883124981fd568435/628eb75a18777b7a40bbb96e_mo.png]
[cdn.prod.website-files.com/628295a883124981fd568435/628fc0a29d435582b5662e00_grando-mdc 1.png]
[www.grando.ai/en/container.html]
[cdn.prod.website-files.com/628295a883124981fd568435/628fc25a15d1e27a6cacb1e9_LTTrm 1.png]
[cdn.prod.website-files.com/628295a883124981fd568435/6683f2faae37ea5a16804a73_amd@3x.png]
[cdn.prod.website-files.com/628295a883124981fd568435/6683f2faae37ea5a16804a89_pngwing.com-2.png]
[cdn.prod.website-files.com/628295a883124981fd568435/6683f2faae37ea5a16804a50_gigabyte@3x.png]
[cdn.prod.website-files.com/628295a883124981fd568435/6683f2faae37ea5a16804aa5_Intel-logo-2022.png]
[cdn.prod.website-files.com/6277aefa6e0ea678fd302833/64bf99cd6ea7853175ce43a6_Pny_logo.svg.png]
[cdn.prod.website-files.com/628295a883124981fd568435/6683f2fbae37ea5a16804c5f_asrock-logo-1.png]
[cdn.prod.website-files.com/628295a883124981fd568435/6683f2fbae37ea5a168056a3_kingston-2.png]
[cdn.prod.website-files.com/628295a883124981fd568435/6683f2fbae37ea5a16805743_corsair-2.png]
[cdn.prod.website-files.com/628295a883124981fd568435/6683f2fcae37ea5a1680575f_sanyo-denki-logo.png]
[cdn.prod.website-files.com/628295a883124981fd568435/6683f2fcae37ea5a1680576e_noctua_rec_455x130px.png]
[cdn.prod.website-files.com/628295a883124981fd568435/6683f2fcae37ea5a16805783_silverstone-technology-co-ltd-logo-vector.png]
[cdn.prod.website-files.com/628295a883124981fd568435/670d2329a036d2a83f518f34_AMDPartnerProgram_Elite_Badge.jpg]
[www.grando.ai/en/fpga.html]
[www.grando.ai/en/solutions.html]
[d3e54v103j8qbb.cloudfront.net/js/jquery-3.5.1.min.dc5e7f18c8698f.js]
[cdn.prod.website-files.com/628295a883124981fd568435/js/webflow.schunk.6568e74973c68f74.js]
[cdn.prod.website-files.com/628295a883124981fd568435/js/webflow.schunk.29bb310d0c26b3c6.js]
[cdn.prod.website-files.com/628295a883124981fd568435/js/webflow.schunk.3646b0bdbfc7a235.js]
[cdn.prod.website-files.com/628295a883124981fd568435/js/webflow.schunk.4913f0d9ee368d76.js]
[www.grando.ai/en/choose-a-gpu-machine-for-ai-deep-learning.html]
[cdn.prod.website-files.com/628295a883124981fd568435/css/grando-ai.webflow.shared.93768f5f3.min.css]
[www.googletagmanager.com/gtm5445.html]
[cdn.prod.website-files.com/628295a883124981fd568435/js/webflow.736513e2.4c8db1d6c4cd9585.js]
[cdn.prod.website-files.com/628295a883124981fd568435/6617ec7dd2ca9e2484b9fae0_CUDANNLOGO.png]
[cdn.prod.website-files.com/628295a883124981fd568435/6617ea79013ba56bc7a00591_keras.png]
[cdn.prod.website-files.com/628295a883124981fd568435/6617eddbdd105ac7c5fdc93b_TF_FullColor_Horizontal.png]
[cdn.prod.website-files.com/628295a883124981fd568435/6617eacf38937768992dfef2_2560px-PyTorch_logo_black.svg.png]
[cdn.prod.website-files.com/628295a883124981fd568435/6617f2fdeff698621745ee7a_Google_JAX_logo.svg.png]
[cdn.prod.website-files.com/628295a883124981fd568435/65ddd562af0d4566575ced7f_knowledge.png]
[cdn.prod.website-files.com/628295a883124981fd568435/65ddd4eaf859c705b30eb01b_deep-learning.png]
[cdn.prod.website-files.com/628295a883124981fd568435/67110cdb73b56e760db7233b_grandox8_closed (1).png]
[cdn.prod.website-files.com/628295a883124981fd568435/65e749fb0db08f319103fac7__GRANDO-DPR-4090-FT6 (1).png]
[cdn.prod.website-files.com/628295a883124981fd568435/65e74a7da452a7753cdb9891__GRANDO-DPR-4090-FT6_ (1).png]
[cdn.prod.website-files.com/628295a883124981fd568435/65ca02893ceaab66bd5beb37_Sendtex-INFINITE-Inference-Power-for-AI.jpg]
[cdn.prod.website-files.com/628295a883124981fd568435/65e74d60fa05434fd547cda1_GRANDO-WS_4xA100_upside_closed (2).png]
[cdn.prod.website-files.com/628295a883124981fd568435/65e74b9016f21e75b7ee6402_GRANDO-WS_4xA100_side.png]
[cdn.prod.website-files.com/628295a883124981fd568435/65e74bb537cba97a9a21b8af_GRANDO-WS_4xA100_front.png]
[cdn.prod.website-files.com/628295a883124981fd568435/65c9f447382d768eada91f99_GRANDO_DL_AI_4xA100 (1).jpg]
[cdn.prod.website-files.com/6277aefa6e0ea678fd302833/670d1c70d655e38efbb326dd_AMDPartnerProgram_Elite_Badge.jpg]
[cdn.prod.website-files.com/628295a883124981fd568435/680fd60e8e351128417bc971_greg.png]
[cdn.prod.website-files.com/628295a883124981fd568435/62ebc4a793dc20d289930960_HarrisonKinsley.png]
[cdn.prod.website-files.com/628295a883124981fd568435/62ebc4a793dc205a37930962_LinusSebastian.png]
[cdn.prod.website-files.com/628295a883124981fd568435/680fd2ea6b5b8d1a6e506652_storagereviewpng.png]
[cdn.prod.website-files.com/628295a883124981fd568435/62ebc4a793dc203daf930964_JesseWoolston.png]
[cdn.prod.website-files.com/628295a883124981fd568435/62ebc4a793dc203849930972_6296865ab33665eebbed7cf3_Frame 40 (1).png]
[cdn.prod.website-files.com/628295a883124981fd568435/62ebc4a793dc20140793096a_62b9da755521b0c7f1e8d261_62968685e365c37b4a540872_Frame 43 (1).png]
[cdn.prod.website-files.com/628295a883124981fd568435/62ebc4a793dc20e4f3930970_629686361a26e2686bf51a5d_Frame 38.png]
[cdn.prod.website-files.com/628295a883124981fd568435/62ebc4a793dc20429e930978_62968646089d3877d4323389_Frame 39.png]
[cdn.prod.website-files.com/628295a883124981fd568435/62ebc4a793dc200686930976_62dec2f8498a494be5b3affc_restb1.png]
[cdn.prod.website-files.com/628295a883124981fd568435/62ebc4a793dc2078e3930968_62dec377ead4268277e463d8_Vicarious1.png]
[cdn.prod.website-files.com/628295a883124981fd568435/62ebc4a793dc2036c6930966_62b9da463fff4051e3a32987_62968691089d385ec732351a_Frame 44 (1).png]
[cdn.prod.website-files.com/628295a883124981fd568435/62ebc4a793dc20b92293096e_6296867abe5844590cc449a7_Frame 42.png]
[cdn.prod.website-files.com/628295a883124981fd568435/65dca3ec25fcaccc695b31e7_university-of-palermo-logo.png]
[cdn.prod.website-files.com/628295a883124981fd568435/65e741531b90e0175e10929e_Deep-Render_logo.png]
[cdn.prod.website-files.com/628295a883124981fd568435/660d5cbe3469dbd469f51132_UC-vert-white.png]
[www.grando.ai/en/deep-learning.html]
[cdn.prod.website-files.com/628295a883124981fd568435/6711103622df29616ff781db_grandox8_open (1).png]
[cdn.prod.website-files.com/628295a883124981fd568435/67a4b59c84dffcea5efa8f33_GRANDO_RM-M-CRPS_9004_8x4090_21-3 (1).png]
[cdn.prod.website-files.com/628295a883124981fd568435/65c2595ccf088b581a363b52__GRANDO-DPR-4090-FT_6_53 (1).png]
[cdn.prod.website-files.com/628295a883124981fd568435/65c255d14a3d9f6e330ad88d_MergenPro-Passware-Logo-1024x293.png]
[cdn.prod.website-files.com/628295a883124981fd568435/65c256a92d5651bd32bca1d1_what-is-hashcat.png]
[cdn.prod.website-files.com/628295a883124981fd568435/67110f68977b47d9b8dea463_GRANDO_RM-M-CRPS_9004_8x4090_21 (1).jpg]
[cdn.prod.website-files.com/628295a883124981fd568435/64bfc33334bc676d07a53b2d_Copy of GRANDO DPR 4090-FT_6_06-2.jpg]
[cdn.prod.website-files.com/628295a883124981fd568435/64bfc1639eaf9527d46653eb_Copy of GRANDO DPR 4090-FT_6_17-2.jpg]
[cdn.prod.website-files.com/628295a883124981fd568435/64bfc006460a49dda1917f31_Copy of GRANDO DPR 4090-FT_6_33-2.jpg]
[cdn.prod.website-files.com/628295a883124981fd568435/65c246b261df2d75cef2a892_GRANDO DPR 4090-FT_6_29 (1).jpg]
[cdn.prod.website-files.com/628295a883124981fd568435/65c245872a218cdad755693e_GRANDO DPR 4090-FT_6_53 (1).jpg]
[cdn.prod.website-files.com/628295a883124981fd568435/65c2460f3be0cb8ddf9294b3_GRANDO DPR 4090-FT_6_27 (1).jpg]
[cdn.prod.website-files.com/628295a883124981fd568435/62a7845dfc0436791c7a012f_image 3.jpg]
[cdn.prod.website-files.com/628295a883124981fd568435/62a7845c3ee4cf4ee4913199_image 1.jpg]
[cdn.prod.website-files.com/628295a883124981fd568435/62a7845c329f19decbc5ca8f_image 2.jpg]
[cdn.prod.website-files.com/628295a883124981fd568435/62a7845c329f191644c5ca8e_image 5.jpg]
[cdn.prod.website-files.com/628295a883124981fd568435/62a7845c1d5c628468e2a607_image 6.jpg]
[cdn.prod.website-files.com/628295a883124981fd568435/62a7845bcc183f73ce23ac27_image 4.jpg]
[www.grando.ai/en/workstations-for-password-recovery.html]
[cdn.prod.website-files.com/628295a883124981fd568435/js/webflow.4708756d.5436d3743d2ebc1c.js]
[cdn.prod.website-files.com/628295a883124981fd568435/671674614174d642fbc19c4a_GRANDO_RM-M-CRPS_9004_8x4090_03 (1) (1).png]
[cdn.prod.website-files.com/628295a883124981fd568435/65faebc71475a69af7420577_forensic.png]
[cdn.prod.website-files.com/628295a883124981fd568435/664f06cfefdf7e0419c5d8b7_engineered.png]
[cdn.prod.website-files.com/628295a883124981fd568435/65f59ac7226f5c7ec7b8fd99_liquid-cooled-cpu.png]
[cdn.prod.website-files.com/628295a883124981fd568435/664f086180e9b550ad75db33_easy.png]
[cdn.prod.website-files.com/628295a883124981fd568435/6867bc96bca665e931f1d66f_c87d455bd8d6755014e043cb15aa6d0f_Comino_Monitoring_System.png]
[cdn.prod.website-files.com/628295a883124981fd568435/671a69ee04f5881bed6cdc30_GRANDO_RM-M-CRPS_9004_8x4090_21 (1).png]
[cdn.prod.website-files.com/628295a883124981fd568435/672e1496d52bd8476c2f5e41_AMD_Logo-White-noframe.png]
[cdn.prod.website-files.com/628295a883124981fd568435/6675cc9809b34274dd53681a_Nvidia-Light-Horizontal-Logo.wine.png]
[cdn.prod.website-files.com/628295a883124981fd568435/66291fe3e0584a7778c73bbb_65e99e6c190f0596fe32192a_1-2-p-800.jpg]
[cdn.prod.website-files.com/628295a883124981fd568435/665f644c1d007556377fd06c_sentdex.jpg]
[cdn.prod.website-files.com/628295a883124981fd568435/665f6529407394d60ff6a595_linus_crackinator.jpg]
[cdn.prod.website-files.com/628295a883124981fd568435/65f35be19cc3fbfc478631d8_pre-configuredgrando-ezgif.com-optimize.gif]
[cdn.prod.website-files.com/628295a883124981fd568435/65f35d41412072815baee4f4_choose-options-grando-ezgif.com-optimize.gif]
[cdn.prod.website-files.com/628295a883124981fd568435/65f35e841df26a6d0d0c3976_send-quote-grando-ezgif.com-optimize.gif]
[cdn.prod.website-files.com/628295a883124981fd568435/66b388bf234074ad712410d6_COMINO_LC_GPU_SERVER_8xH100_06 (2) (1).jpg]
[cdn.prod.website-files.com/628295a883124981fd568435/6718e58da42f586da0b3e7f5_COMINO_LC_GPU_SERVER_8xH100).jpg]
[cdn.prod.website-files.com/628295a883124981fd568435/6718e5862d15489580f91916_COMINO_LC_GPU_SERVER_8xH100_.jpg]
[cdn.prod.website-files.com/628295a883124981fd568435/6718e579efbd9441ba6ae52c_COMINO_LC_GPU_SERVER_8xH100_01 (1).jpg]
[cdn.prod.website-files.com/628295a883124981fd568435/js/webflow.schunk.12f66a7a1043bbab.js]
[www.grando.ai/en/multi-gpu-server.html]
[cdn.prod.website-files.com/628295a883124981fd568435/js/webflow.7ee6db74.32aa828ba1829ad3.js]
[code.jquery.com/jquery-3.6.0.min.js]
[cdn.prod.website-files.com/628295a883124981fd568435/628a5a17521f032590fc9f50_container-opened.png]
[cdn.prod.website-files.com/628295a883124981fd568435/628a5853a006221ee17a6fe5_container-closed@2x.png]
[cdn.prod.website-files.com/628295a883124981fd568435/628a82cc2706b47df76221c7_image 106.png]
[cdn.prod.website-files.com/628295a883124981fd568435/628a82cdaab2df785bc7fef2_image 105.png]
[cdn.prod.website-files.com/628295a883124981fd568435/628a81d5c5137b1fd40b14f6_container-overview-left.png]
[cdn.prod.website-files.com/628295a883124981fd568435/628aa2d41971aebf280638c9_Frame 30.png]
[cdn.prod.website-files.com/628295a883124981fd568435/628a9ec7a920a94668b83a77_Group 254.png]
[www.grando.ai/static/i/video-stopframe.jpg]
[cdn.prod.website-files.com/6277aefa6e0ea678fd302833/628a24f7a920a928d7b5034c_btn.png]
[www.grando.ai/en/container.html]
[cdn.prod.website-files.com/628295a883124981fd568435/js/webflow.553d2b41.3808c9d0cc8c6d38.js]
[cdn.prod.website-files.com/628295a883124981fd568435/628fd90515d1e2d73cad753a_FPGA-cardsBittWare_CVP-13 (1).png]
[cdn.prod.website-files.com/628295a883124981fd568435/628fda0ca5acb585d33ac3d0_three_42U_racks_with_grando.png]
[cdn.prod.website-files.com/628295a883124981fd568435/629fd254606023670ca6dfca_15yew (1).png]
[cdn.prod.website-files.com/628295a883124981fd568435/628fe18a2b058d21d89de229_image 126.png]
[cdn.prod.website-files.com/628295a883124981fd568435/628fe18aa2068c261175069d_image 127.png]
[cdn.prod.website-files.com/628295a883124981fd568435/628fe18aaf254388ab4b189e_image 129.png]
[cdn.prod.website-files.com/628295a883124981fd568435/628fe18a2b058d3f499de228_image 128.png]
[cdn.prod.website-files.com/628295a883124981fd568435/628fe18ace4d923b3565e786_image 130.png]
[cdn.prod.website-files.com/628295a883124981fd568435/628ff89d1b2ec2929e23a987_s1.jpg]
[cdn.prod.website-files.com/628295a883124981fd568435/628ff89c48ccfbe41f3d2331_s2.jpg]
[cdn.prod.website-files.com/628295a883124981fd568435/628ff89c20f96c83dc393a19_s3.jpg]
[cdn.prod.website-files.com/628295a883124981fd568435/628ff89c72aeee2fc51a886b_s4.jpg]
[cdn.prod.website-files.com/628295a883124981fd568435/628ff89caef6b40071040267_s5.jpg]
[cdn.prod.website-files.com/628295a883124981fd568435/628ff89ca3b88b489f0c8f9c_s6.jpg]
[www.grando.ai/en/fpga.html]
[cdn.prod.website-files.com/628295a883124981fd568435/628ffba0b3961bdb772d5437_front@2x 1.png]
[cdn.prod.website-files.com/628295a883124981fd568435/628ffe8f070f787c26aacfa2_image 131.png]
[cdn.prod.website-files.com/628295a883124981fd568435/628fff18fe9dbb34b5b83e20_image 132.png]
[cdn.prod.website-files.com/628295a883124981fd568435/628fff8dedcd0657e63bebeb_image 133.png]
[cdn.prod.website-files.com/628295a883124981fd568435/6290015de467d8b901392716_image-1134.png]
[cdn.prod.website-files.com/628295a883124981fd568435/629003c0a41ac445eb3ee397_image 135.png]
[www.grando.ai/en/solutions.html]
[www.grando.ai/static/i/video-stopframe.html]
[cdn.prod.website-files.com/628295a883124981fd568435/js/webflow.cf450111.da2b2ecc2d33df5f.js]
[www.grando.ai/en/_https_/cdn.prod.website-files.com/628295a883124981fd568435/672b55e1d468ec537e6fc8e6_RM_3000x1080-poster-00001.html]
[www.grando.ai/en/_https_/cdn.prod.website-files.com/628295a883124981fd568435/628a8c4c3e6eda684dd0da91_contanier-poster-00001.html]
